<?xml version="1.0" encoding="UTF-8"?>
<!-- Generated by org.testng.reporters.JUnitReportReporter -->
<testsuite hostname="DESKTOP-UD9GB4C" name="SendEmail.MyTest1" tests="1" failures="0" timestamp="9 Apr 2019 12:20:33 GMT" time="0.135" errors="0">
  <testcase name="myTest" time="0.135" classname="SendEmail.MyTest1"/>
</testsuite> <!-- SendEmail.MyTest1 -->
